/opt/conda/lib/python3.12/site-packages/torch/cuda/__init__.py:734: UserWarning: Can't initialize NVML
  warnings.warn("Can't initialize NVML")
No CUDA runtime is found, using CUDA_HOME='/usr/local/cuda'
2025-03-20 10:29:56,070 - launch.py - accelerate.commands.launch - WARNING - The following values were not passed to `accelerate launch` and had defaults used instead:
	`--num_cpu_threads_per_process` was set to `2` to improve out-of-box performance when training on CPUs
To avoid this warning pass in values for each of the problematic parameters or run `accelerate config`.
/opt/conda/lib/python3.12/site-packages/torch/cuda/__init__.py:734: UserWarning: Can't initialize NVML
  warnings.warn("Can't initialize NVML")
/opt/conda/lib/python3.12/site-packages/torchvision/models/_utils.py:208: UserWarning: The parameter 'pretrained' is deprecated since 0.13 and may be removed in the future, please use 'weights' instead.
  warnings.warn(
/opt/conda/lib/python3.12/site-packages/torchvision/models/_utils.py:223: UserWarning: Arguments other than a weight enum or `None` for 'weights' are deprecated since 0.13 and may be removed in the future. The current behavior is equivalent to passing `weights=SqueezeNet1_1_Weights.IMAGENET1K_V1`. You can also use `weights=SqueezeNet1_1_Weights.DEFAULT` to get the most up-to-date weights.
  warnings.warn(msg)
Detected kernel version 3.10.0, which is below the recommended minimum of 5.5.0; this can cause the process to hang. It is recommended to upgrade the kernel to the minimum version or higher.
/opt/conda/lib/python3.12/site-packages/torch/cuda/__init__.py:734: UserWarning: Can't initialize NVML
  warnings.warn("Can't initialize NVML")
/opt/conda/lib/python3.12/site-packages/torch/cuda/__init__.py:734: UserWarning: Can't initialize NVML
  warnings.warn("Can't initialize NVML")
No CUDA runtime is found, using CUDA_HOME='/usr/local/cuda'
ERROR:2025-03-20 10:31:27 2864:2864 DeviceProperties.cpp:47] gpuGetDeviceCount failed with code 100
Epoch 1, Loss: 7.2259
